TN:
SF:__test__/injectables-registry.fixture.ts
FN:4,(anonymous_4)
FN:15,(anonymous_5)
FN:22,(anonymous_6)
FN:23,(anonymous_7)
FN:32,(anonymous_8)
FN:39,(anonymous_9)
FN:44,(anonymous_10)
FN:51,(anonymous_11)
FN:53,(anonymous_12)
FN:57,(anonymous_13)
FN:63,(anonymous_14)
FN:65,(anonymous_15)
FN:72,(anonymous_16)
FN:78,(anonymous_17)
FN:83,(anonymous_18)
FN:89,(anonymous_19)
FN:95,(anonymous_20)
FN:104,(anonymous_21)
FN:110,(anonymous_22)
FN:125,(anonymous_23)
FN:130,(anonymous_24)
FN:136,(anonymous_25)
FN:143,(anonymous_26)
FN:147,(anonymous_27)
FN:150,(anonymous_28)
FN:154,(anonymous_29)
FN:160,(anonymous_30)
FN:164,(anonymous_31)
FN:171,(anonymous_32)
FN:175,(anonymous_33)
FN:176,(anonymous_34)
FN:180,(anonymous_35)
FN:181,(anonymous_36)
FN:185,(anonymous_37)
FN:193,(anonymous_38)
FNF:35
FNH:18
FNDA:0,(anonymous_4)
FNDA:0,(anonymous_5)
FNDA:3,(anonymous_6)
FNDA:3,(anonymous_7)
FNDA:0,(anonymous_8)
FNDA:0,(anonymous_9)
FNDA:0,(anonymous_10)
FNDA:1,(anonymous_11)
FNDA:0,(anonymous_12)
FNDA:1,(anonymous_13)
FNDA:0,(anonymous_14)
FNDA:0,(anonymous_15)
FNDA:1,(anonymous_16)
FNDA:1,(anonymous_17)
FNDA:0,(anonymous_18)
FNDA:1,(anonymous_19)
FNDA:1,(anonymous_20)
FNDA:0,(anonymous_21)
FNDA:1,(anonymous_22)
FNDA:1,(anonymous_23)
FNDA:1,(anonymous_24)
FNDA:3,(anonymous_25)
FNDA:0,(anonymous_26)
FNDA:3,(anonymous_27)
FNDA:0,(anonymous_28)
FNDA:1,(anonymous_29)
FNDA:0,(anonymous_30)
FNDA:3,(anonymous_31)
FNDA:0,(anonymous_32)
FNDA:1,(anonymous_33)
FNDA:0,(anonymous_34)
FNDA:1,(anonymous_35)
FNDA:0,(anonymous_36)
FNDA:2,(anonymous_37)
FNDA:0,(anonymous_38)
DA:3,1
DA:5,0
DA:14,1
DA:17,0
DA:21,1
DA:22,1
DA:23,3
DA:24,3
DA:31,1
DA:34,0
DA:38,1
DA:40,0
DA:41,0
DA:45,0
DA:46,0
DA:50,1
DA:51,1
DA:54,0
DA:58,1
DA:62,1
DA:63,0
DA:67,0
DA:71,1
DA:73,1
DA:74,1
DA:75,1
DA:79,1
DA:80,1
DA:84,0
DA:88,1
DA:90,1
DA:91,1
DA:92,1
DA:96,1
DA:97,1
DA:98,1
DA:101,0
DA:105,0
DA:109,1
DA:111,1
DA:112,1
DA:113,1
DA:114,1
DA:116,1
DA:118,1
DA:119,0
DA:122,1
DA:126,1
DA:127,1
DA:131,1
DA:135,1
DA:137,3
DA:143,0
DA:146,1
DA:148,3
DA:150,0
DA:153,1
DA:155,1
DA:160,0
DA:163,1
DA:165,3
DA:171,0
DA:174,1
DA:175,1
DA:176,0
DA:179,1
DA:180,1
DA:181,0
DA:184,1
DA:186,2
DA:193,0
LF:71
LH:50
BRDA:96,0,0,1
BRDA:118,1,0,0
BRF:2
BRH:1
end_of_record
TN:
SF:__test__/assets/mock.static.ts
FN:7,(anonymous_0)
FN:8,(anonymous_1)
FN:33,(anonymous_2)
FN:47,(anonymous_3)
FNF:4
FNH:4
FNDA:6,(anonymous_0)
FNDA:15,(anonymous_1)
FNDA:6,(anonymous_2)
FNDA:6,(anonymous_3)
DA:7,6
DA:9,15
DA:10,3
DA:11,0
DA:14,3
DA:15,0
DA:20,3
DA:23,15
DA:24,0
DA:29,15
DA:33,1
DA:34,6
DA:36,6
DA:37,7
DA:38,0
DA:40,7
DA:44,6
DA:47,1
DA:52,6
DA:53,6
LF:20
LH:16
BRDA:9,0,0,3
BRDA:10,1,0,0
BRDA:14,2,0,0
BRDA:23,3,0,0
BRDA:23,4,0,15
BRDA:23,4,1,0
BRDA:37,5,0,0
BRDA:37,5,1,7
BRDA:37,6,0,7
BRDA:37,6,1,0
BRDA:48,7,0,5
BRF:11
BRH:5
end_of_record
TN:
SF:src/normalize-identifier.static.ts
FN:3,normalizeIdentifier
FNF:1
FNH:1
FNDA:1,normalizeIdentifier
DA:3,1
DA:7,1
DA:8,0
DA:11,1
LF:4
LH:3
BRDA:7,0,0,0
BRF:1
BRH:0
end_of_record
TN:
SF:src/services/dependencies-resolver.ts
FN:16,(anonymous_0)
FN:23,(anonymous_1)
FN:30,(anonymous_2)
FN:74,(anonymous_3)
FN:83,(anonymous_4)
FN:85,(anonymous_5)
FN:96,(anonymous_6)
FN:98,(anonymous_7)
FN:108,(anonymous_8)
FN:112,(anonymous_9)
FNF:10
FNH:8
FNDA:1,(anonymous_0)
FNDA:8,(anonymous_1)
FNDA:11,(anonymous_2)
FNDA:4,(anonymous_3)
FNDA:11,(anonymous_4)
FNDA:11,(anonymous_5)
FNDA:11,(anonymous_6)
FNDA:0,(anonymous_7)
FNDA:1,(anonymous_8)
FNDA:0,(anonymous_9)
DA:11,1
DA:13,1
DA:14,1
DA:17,1
DA:18,1
DA:19,1
DA:20,1
DA:24,8
DA:34,11
DA:35,2
DA:38,9
DA:40,9
DA:41,1
DA:42,1
DA:45,8
DA:46,3
DA:47,0
DA:53,3
DA:54,0
DA:57,3
DA:58,3
DA:59,3
DA:63,5
DA:64,2
DA:65,2
DA:67,2
DA:71,3
DA:78,4
DA:79,0
DA:82,4
DA:83,11
DA:85,4
DA:86,11
DA:87,0
DA:90,11
DA:93,4
DA:94,4
DA:96,11
DA:98,4
DA:99,0
DA:100,0
DA:102,0
DA:105,4
DA:109,1
DA:113,0
LF:45
LH:37
BRDA:25,0,0,8
BRDA:25,0,1,6
BRDA:34,1,0,2
BRDA:40,2,0,1
BRDA:45,3,0,3
BRDA:46,4,0,0
BRDA:53,5,0,0
BRDA:53,6,0,3
BRDA:53,6,1,1
BRDA:63,7,0,2
BRDA:63,8,0,5
BRDA:63,8,1,5
BRDA:78,9,0,0
BRDA:86,10,0,0
BRF:14
BRH:10
end_of_record
TN:
SF:src/services/dependency-container.ts
FN:23,(anonymous_1)
FN:25,(anonymous_2)
FN:31,(anonymous_3)
FN:44,(anonymous_4)
FN:54,(anonymous_5)
FN:63,(anonymous_6)
FNF:6
FNH:3
FNDA:2,(anonymous_1)
FNDA:14,(anonymous_2)
FNDA:54,(anonymous_3)
FNDA:0,(anonymous_4)
FNDA:0,(anonymous_5)
FNDA:0,(anonymous_6)
DA:1,1
DA:22,1
DA:23,2
DA:30,14
DA:31,54
DA:34,14
DA:35,8
DA:38,6
DA:39,6
DA:43,0
DA:44,0
DA:45,0
DA:48,0
DA:53,0
DA:55,0
DA:58,0
DA:64,0
LF:17
LH:9
BRDA:34,0,0,8
BRDA:38,1,0,6
BRDA:38,2,0,6
BRDA:38,2,1,6
BRDA:43,3,0,0
BRDA:48,4,0,0
BRDA:48,4,1,0
BRDA:55,5,0,0
BRDA:55,5,1,0
BRDA:58,6,0,0
BRDA:58,6,1,0
BRF:11
BRH:4
end_of_record
TN:
SF:src/services/dependency-map.ts
FN:5,(anonymous_0)
FN:8,(anonymous_1)
FN:9,(anonymous_2)
FN:14,(anonymous_3)
FN:22,(anonymous_4)
FN:25,(anonymous_5)
FN:30,(anonymous_6)
FNF:7
FNH:7
FNDA:1,(anonymous_0)
FNDA:29,(anonymous_1)
FNDA:94,(anonymous_2)
FNDA:10,(anonymous_3)
FNDA:2,(anonymous_4)
FNDA:4,(anonymous_5)
FNDA:1,(anonymous_6)
DA:5,1
DA:6,1
DA:9,29
DA:10,94
DA:19,10
DA:25,2
DA:26,4
DA:31,1
LF:8
LH:8
BRDA:25,0,0,0
BRDA:25,0,1,2
BRDA:25,1,0,2
BRDA:25,1,1,2
BRF:4
BRH:3
end_of_record
TN:
SF:src/services/package-resolver.ts
FN:14,(anonymous_0)
FN:19,(anonymous_1)
FN:22,(anonymous_2)
FN:39,(anonymous_3)
FNF:4
FNH:0
FNDA:0,(anonymous_0)
FNDA:0,(anonymous_1)
FNDA:0,(anonymous_2)
FNDA:0,(anonymous_3)
DA:3,0
DA:13,0
DA:15,0
DA:16,0
DA:20,0
DA:22,0
DA:23,0
DA:26,0
DA:27,0
DA:30,0
DA:32,0
DA:33,0
DA:36,0
DA:40,0
DA:41,0
DA:42,0
DA:44,0
LF:17
LH:0
BRDA:26,0,0,0
BRDA:32,1,0,0
BRF:2
BRH:0
end_of_record
TN:
SF:src/services/testbed-builder.ts
FN:11,(anonymous_0)
FN:15,(anonymous_1)
FN:20,(anonymous_2)
FN:25,(anonymous_3)
FN:46,(anonymous_4)
FN:50,(anonymous_5)
FN:67,isConstantValue
FNF:7
FNH:7
FNDA:1,(anonymous_0)
FNDA:1,(anonymous_1)
FNDA:1,(anonymous_2)
FNDA:1,(anonymous_3)
FNDA:3,(anonymous_4)
FNDA:1,(anonymous_5)
FNDA:1,isConstantValue
DA:3,1
DA:6,1
DA:7,1
DA:8,1
DA:10,1
DA:15,1
DA:16,1
DA:17,1
DA:19,1
DA:24,1
DA:28,1
DA:29,0
DA:34,0
DA:37,1
DA:42,1
DA:47,3
DA:48,3
DA:51,1
DA:57,1
DA:68,1
LF:20
LH:18
BRDA:28,0,0,0
BRDA:69,1,0,1
BRDA:69,1,1,1
BRDA:69,1,2,1
BRDA:69,1,3,1
BRDA:69,1,4,1
BRDA:69,1,5,1
BRF:7
BRH:6
end_of_record
TN:
SF:src/services/unit-mocker.ts
FN:12,(anonymous_0)
FN:18,(anonymous_1)
FN:33,(anonymous_2)
FN:34,(anonymous_3)
FNF:4
FNH:4
FNDA:1,(anonymous_0)
FNDA:1,(anonymous_1)
FNDA:10,(anonymous_2)
FNDA:10,(anonymous_3)
DA:3,1
DA:4,1
DA:11,1
DA:13,1
DA:14,1
DA:15,1
DA:23,1
DA:30,1
DA:32,1
DA:33,10
DA:34,10
DA:36,1
LF:12
LH:12
BRF:0
BRH:0
end_of_record
TN:
SF:src/services/unit-reference.ts
FN:150,(anonymous_0)
FN:155,(anonymous_1)
FN:175,referenceDependencyNotFoundError
FNF:3
FNH:3
FNDA:1,(anonymous_0)
FNDA:8,(anonymous_1)
FNDA:3,referenceDependencyNotFoundError
DA:2,1
DA:149,1
DA:151,1
DA:152,1
DA:159,8
DA:160,3
DA:161,3
DA:164,5
DA:166,5
DA:167,0
DA:168,0
DA:171,5
DA:180,3
DA:183,3
DA:184,3
DA:186,3
LF:16
LH:14
BRDA:159,0,0,3
BRDA:159,1,0,8
BRDA:159,1,1,7
BRDA:166,2,0,0
BRDA:180,3,0,0
BRDA:180,3,1,3
BRDA:180,4,0,3
BRDA:180,4,1,3
BRDA:183,5,0,0
BRDA:183,5,1,3
BRF:10
BRH:7
end_of_record
